<?xml version="1.0" encoding="UTF-8"?>
<!-- Generated by org.testng.reporters.JUnitXMLReporter -->
<testsuite ignored="0" hostname="DELLInspiron15" failures="1" tests="1" name="Validator" time="7.447" errors="0" timestamp="07 Oct 2020 17:50:06 GMT">
  <testcase classname="Academymmk.MavenTest.Validator" name="BaseIntialization" time="0.072">
    <failure type="java.lang.AssertionError" message="expected [Featured Courses] but found [FEATURED COURSES]">
      <![CDATA[java.lang.AssertionError: expected [Featured Courses] but found [FEATURED COURSES]
	at Academymmk.MavenTest.Validator.BaseIntialization(Validator.java:27)
... Removed 31 stack frames]]>
    </failure>
  </testcase> <!-- BaseIntialization -->
</testsuite> <!-- Validator -->
