<?xml version="1.0" encoding="UTF-8"?>
<!-- Generated by org.testng.reporters.JUnitXMLReporter -->
<testsuite hostname="DELLInspiron15" ignored="0" name="Validator" tests="1" failures="1" timestamp="2020-10-13T22:41:12 IST" time="8.597" errors="0">
  <testcase name="BaseIntialization" time="0.177" classname="Academymmk.MavenTest.Validator">
    <failure type="java.lang.AssertionError" message="expected [Featured Courses] but found [FEATURED COURSES]">
      <![CDATA[java.lang.AssertionError: expected [Featured Courses] but found [FEATURED COURSES]
at Academymmk.MavenTest.Validator.BaseIntialization(Validator.java:27)
at java.util.ArrayList.forEach(ArrayList.java:1259)
... Removed 37 stack frames]]>
    </failure>
  </testcase> <!-- BaseIntialization -->
</testsuite> <!-- Validator -->
