-------------------------------------------------------------------------------
Test set: TestSuite
-------------------------------------------------------------------------------
Tests run: 5, Failures: 1, Errors: 0, Skipped: 0, Time elapsed: 44.643 s <<< FAILURE! - in TestSuite
Academymmk.MavenTest.Validator.BaseIntialization  Time elapsed: 0.03 s  <<< FAILURE!
java.lang.AssertionError: expected [Featured Courses] but found [FEATURED COURSES]
	at Academymmk.MavenTest.Validator.BaseIntialization(Validator.java:27)

