<?xml version="1.0" encoding="UTF-8"?>
<testsuite xmlns:xsi="http://www.w3.org/2001/XMLSchema-instance" xsi:noNamespaceSchemaLocation="https://maven.apache.org/surefire/maven-surefire-plugin/xsd/surefire-test-report-3.0.xsd" version="3.0" name="TestSuite" time="44.643" tests="5" errors="0" skipped="0" failures="1">
  <properties>
[...]
</properties>
  <testcase name="BaseIntialization[Non restrictedUser@dataprovider.com, 12345, Non Restricted Users](1)" classname="Academymmk.MavenTest.HomePage" time="6.762">
    <system-out><![CDATA[Non Restricted Users
]]></system-out>
    <system-err><![CDATA[Starting ChromeDriver 85.0.4183.87 (cd6713ebf92fa1cacc0f1a598df280093af0c5d7-refs/branch-heads/4183@{#1689}) on port 40787
Only local connections are allowed.
Please see https://chromedriver.chromium.org/security-considerations for suggestions on keeping ChromeDriver safe.
ChromeDriver was started successfully.
[1602609050.150][WARNING]: This version of ChromeDriver has not been tested with Chrome version 86.
Oct 13, 2020 10:40:52 PM org.openqa.selenium.remote.ProtocolHandshake createSession
INFO: Detected dialect: W3C
]]></system-err>
  </testcase>
  <testcase name="BaseIntialization[restrictedUser@dataprovider.com, 123456, Restricted User](2)" classname="Academymmk.MavenTest.HomePage" time="2.957">
    <system-out><![CDATA[Restricted User
]]></system-out>
  </testcase>
  <testcase name="check" classname="Academymmk.MavenTest.Demo" time="0.003">
    <system-out><![CDATA[hello world
]]></system-out>
  </testcase>
  <testcase name="BaseIntialization" classname="Academymmk.MavenTest.Validator" time="0.03">
    <failure message="expected [Featured Courses] but found [FEATURED COURSES]" type="java.lang.AssertionError"><![CDATA[java.lang.AssertionError: expected [Featured Courses] but found [FEATURED COURSES]
	at Academymmk.MavenTest.Validator.BaseIntialization(Validator.java:27)
]]></failure>
    <system-err><![CDATA[Starting ChromeDriver 85.0.4183.87 (cd6713ebf92fa1cacc0f1a598df280093af0c5d7-refs/branch-heads/4183@{#1689}) on port 25781
Only local connections are allowed.
Please see https://chromedriver.chromium.org/security-considerations for suggestions on keeping ChromeDriver safe.
ChromeDriver was started successfully.
[1602609065.570][WARNING]: This version of ChromeDriver has not been tested with Chrome version 86.
Oct 13, 2020 10:41:07 PM org.openqa.selenium.remote.ProtocolHandshake createSession
INFO: Detected dialect: W3C
]]></system-err>
  </testcase>
  <testcase name="BaseIntialization" classname="Academymmk.MavenTest.URL" time="0.058">
    <system-err><![CDATA[Starting ChromeDriver 85.0.4183.87 (cd6713ebf92fa1cacc0f1a598df280093af0c5d7-refs/branch-heads/4183@{#1689}) on port 26297
Only local connections are allowed.
Please see https://chromedriver.chromium.org/security-considerations for suggestions on keeping ChromeDriver safe.
ChromeDriver was started successfully.
[1602609074.412][WARNING]: This version of ChromeDriver has not been tested with Chrome version 86.
Oct 13, 2020 10:41:16 PM org.openqa.selenium.remote.ProtocolHandshake createSession
INFO: Detected dialect: W3C
]]></system-err>
  </testcase>
</testsuite>